# JRE version: Java(TM) SE Runtime Environment (8.0_241-b07) (build 1.8.0_241-b07)
# Java VM: Java HotSpot(TM) 64-Bit Server VM (25.241-b07 mixed mode windows-amd64 compressed oops)
Heap:
 PSYoungGen      total 76288K, used 5683K [0x000000076ae00000, 0x0000000770300000, 0x00000007c0000000)
  eden space 65536K, 8% used [0x000000076ae00000,0x000000076b38cf68,0x000000076ee00000)
  from space 10752K, 0% used [0x000000076ee00000,0x000000076ee00000,0x000000076f880000)
  to   space 10752K, 0% used [0x000000076f880000,0x000000076f880000,0x0000000770300000)
 ParOldGen       total 126464K, used 8735K [0x00000006c0a00000, 0x00000006c8580000, 0x000000076ae00000)
  object space 126464K, 6% used [0x00000006c0a00000,0x00000006c1287ec8,0x00000006c8580000)
 Metaspace       used 21368K, capacity 22194K, committed 22528K, reserved 1069056K
  class space    used 3044K, capacity 3228K, committed 3328K, reserved 1048576K
GC Heap History (4 events):
Event: 2.240 GC heap before
{Heap before GC invocations=1 (full 0):
 PSYoungGen      total 76288K, used 64311K [0x000000076ae00000, 0x0000000770300000, 0x00000007c0000000)
  eden space 65536K, 98% used [0x000000076ae00000,0x000000076eccdd10,0x000000076ee00000)
  from space 10752K, 0% used [0x000000076f880000,0x000000076f880000,0x0000000770300000)
  to   space 10752K, 0% used [0x000000076ee00000,0x000000076ee00000,0x000000076f880000)
 ParOldGen       total 175104K, used 0K [0x00000006c0a00000, 0x00000006cb500000, 0x000000076ae00000)
  object space 175104K, 0% used [0x00000006c0a00000,0x00000006c0a00000,0x00000006cb500000)
 Metaspace       used 20299K, capacity 21128K, committed 21296K, reserved 1067008K
  class space    used 2890K, capacity 3091K, committed 3200K, reserved 1048576K
Event: 2.252 GC heap after
Heap after GC invocations=1 (full 0):
 PSYoungGen      total 76288K, used 8921K [0x000000076ae00000, 0x0000000770300000, 0x00000007c0000000)
  eden space 65536K, 0% used [0x000000076ae00000,0x000000076ae00000,0x000000076ee00000)
  from space 10752K, 82% used [0x000000076ee00000,0x000000076f6b6780,0x000000076f880000)
  to   space 10752K, 0% used [0x000000076f880000,0x000000076f880000,0x0000000770300000)
 ParOldGen       total 175104K, used 80K [0x00000006c0a00000, 0x00000006cb500000, 0x000000076ae00000)
  object space 175104K, 0% used [0x00000006c0a00000,0x00000006c0a14010,0x00000006cb500000)
 Metaspace       used 20299K, capacity 21128K, committed 21296K, reserved 1067008K
  class space    used 2890K, capacity 3091K, committed 3200K, reserved 1048576K
}
Event: 2.252 GC heap before
{Heap before GC invocations=2 (full 1):
 PSYoungGen      total 76288K, used 8921K [0x000000076ae00000, 0x0000000770300000, 0x00000007c0000000)
  eden space 65536K, 0% used [0x000000076ae00000,0x000000076ae00000,0x000000076ee00000)
  from space 10752K, 82% used [0x000000076ee00000,0x000000076f6b6780,0x000000076f880000)
  to   space 10752K, 0% used [0x000000076f880000,0x000000076f880000,0x0000000770300000)
 ParOldGen       total 175104K, used 80K [0x00000006c0a00000, 0x00000006cb500000, 0x000000076ae00000)
  object space 175104K, 0% used [0x00000006c0a00000,0x00000006c0a14010,0x00000006cb500000)
 Metaspace       used 20299K, capacity 21128K, committed 21296K, reserved 1067008K
  class space    used 2890K, capacity 3091K, committed 3200K, reserved 1048576K
Event: 2.295 GC heap after
Heap after GC invocations=2 (full 1):
 PSYoungGen      total 76288K, used 0K [0x000000076ae00000, 0x0000000770300000, 0x00000007c0000000)
  eden space 65536K, 0% used [0x000000076ae00000,0x000000076ae00000,0x000000076ee00000)
  from space 10752K, 0% used [0x000000076ee00000,0x000000076ee00000,0x000000076f880000)
  to   space 10752K, 0% used [0x000000076f880000,0x000000076f880000,0x0000000770300000)
 ParOldGen       total 126464K, used 8735K [0x00000006c0a00000, 0x00000006c8580000, 0x000000076ae00000)
  object space 126464K, 6% used [0x00000006c0a00000,0x00000006c1287ec8,0x00000006c8580000)
 Metaspace       used 20299K, capacity 21128K, committed 21296K, reserved 1067008K
  class space    used 2890K, capacity 3091K, committed 3200K, reserved 1048576K
}

