# JRE version: Java(TM) SE Runtime Environment (8.0_241-b07) (build 1.8.0_241-b07)
# Java VM: Java HotSpot(TM) 64-Bit Server VM (25.241-b07 mixed mode windows-amd64 compressed oops)
Heap:
 PSYoungGen      total 76288K, used 11608K [0x000000076ae00000, 0x0000000770300000, 0x00000007c0000000)
  eden space 65536K, 17% used [0x000000076ae00000,0x000000076b9563b8,0x000000076ee00000)
  from space 10752K, 0% used [0x000000076ee00000,0x000000076ee00000,0x000000076f880000)
  to   space 10752K, 0% used [0x000000076f880000,0x000000076f880000,0x0000000770300000)
 ParOldGen       total 126976K, used 8807K [0x00000006c0a00000, 0x00000006c8600000, 0x000000076ae00000)
  object space 126976K, 6% used [0x00000006c0a00000,0x00000006c1299ef0,0x00000006c8600000)
 Metaspace       used 22395K, capacity 23486K, committed 23680K, reserved 1069056K
  class space    used 3235K, capacity 3446K, committed 3456K, reserved 1048576K
GC Heap History (4 events):
Event: 2.307 GC heap before
{Heap before GC invocations=1 (full 0):
 PSYoungGen      total 76288K, used 65536K [0x000000076ae00000, 0x0000000770300000, 0x00000007c0000000)
  eden space 65536K, 100% used [0x000000076ae00000,0x000000076ee00000,0x000000076ee00000)
  from space 10752K, 0% used [0x000000076f880000,0x000000076f880000,0x0000000770300000)
  to   space 10752K, 0% used [0x000000076ee00000,0x000000076ee00000,0x000000076f880000)
 ParOldGen       total 175104K, used 0K [0x00000006c0a00000, 0x00000006cb500000, 0x000000076ae00000)
  object space 175104K, 0% used [0x00000006c0a00000,0x00000006c0a00000,0x00000006cb500000)
 Metaspace       used 20366K, capacity 21164K, committed 21296K, reserved 1067008K
  class space    used 2910K, capacity 3123K, committed 3200K, reserved 1048576K
Event: 2.314 GC heap after
Heap after GC invocations=1 (full 0):
 PSYoungGen      total 76288K, used 8941K [0x000000076ae00000, 0x0000000770300000, 0x00000007c0000000)
  eden space 65536K, 0% used [0x000000076ae00000,0x000000076ae00000,0x000000076ee00000)
  from space 10752K, 83% used [0x000000076ee00000,0x000000076f6bb5c8,0x000000076f880000)
  to   space 10752K, 0% used [0x000000076f880000,0x000000076f880000,0x0000000770300000)
 ParOldGen       total 175104K, used 80K [0x00000006c0a00000, 0x00000006cb500000, 0x000000076ae00000)
  object space 175104K, 0% used [0x00000006c0a00000,0x00000006c0a14010,0x00000006cb500000)
 Metaspace       used 20366K, capacity 21164K, committed 21296K, reserved 1067008K
  class space    used 2910K, capacity 3123K, committed 3200K, reserved 1048576K
}
Event: 2.314 GC heap before
{Heap before GC invocations=2 (full 1):
 PSYoungGen      total 76288K, used 8941K [0x000000076ae00000, 0x0000000770300000, 0x00000007c0000000)
  eden space 65536K, 0% used [0x000000076ae00000,0x000000076ae00000,0x000000076ee00000)
  from space 10752K, 83% used [0x000000076ee00000,0x000000076f6bb5c8,0x000000076f880000)
  to   space 10752K, 0% used [0x000000076f880000,0x000000076f880000,0x0000000770300000)
 ParOldGen       total 175104K, used 80K [0x00000006c0a00000, 0x00000006cb500000, 0x000000076ae00000)
  object space 175104K, 0% used [0x00000006c0a00000,0x00000006c0a14010,0x00000006cb500000)
 Metaspace       used 20366K, capacity 21164K, committed 21296K, reserved 1067008K
  class space    used 2910K, capacity 3123K, committed 3200K, reserved 1048576K
Event: 2.342 GC heap after
Heap after GC invocations=2 (full 1):
 PSYoungGen      total 76288K, used 0K [0x000000076ae00000, 0x0000000770300000, 0x00000007c0000000)
  eden space 65536K, 0% used [0x000000076ae00000,0x000000076ae00000,0x000000076ee00000)
  from space 10752K, 0% used [0x000000076ee00000,0x000000076ee00000,0x000000076f880000)
  to   space 10752K, 0% used [0x000000076f880000,0x000000076f880000,0x0000000770300000)
 ParOldGen       total 126976K, used 8807K [0x00000006c0a00000, 0x00000006c8600000, 0x000000076ae00000)
  object space 126976K, 6% used [0x00000006c0a00000,0x00000006c1299ef0,0x00000006c8600000)
 Metaspace       used 20366K, capacity 21164K, committed 21296K, reserved 1067008K
  class space    used 2910K, capacity 3123K, committed 3200K, reserved 1048576K
}

